TN:
SF:src/modules/appointments/services/CreateAppointmentService.ts
FN:16,CreateAppointmentService
FN:21,Object.<anonymous>.CreateAppointmentService.execute
FNF:2
FNH:2
FNDA:3,CreateAppointmentService
FNDA:5,Object.<anonymous>.CreateAppointmentService.execute
DA:1,1
DA:2,1
DA:3,1
DA:4,1
DA:5,1
DA:6,1
DA:7,1
DA:8,1
DA:9,1
DA:10,1
DA:11,1
DA:12,1
DA:13,1
DA:14,1
DA:15,2
DA:16,2
DA:17,3
DA:18,3
DA:19,3
DA:20,2
DA:21,2
DA:22,5
DA:23,5
DA:24,5
DA:25,1
DA:26,1
DA:27,4
DA:28,4
DA:29,4
DA:30,4
DA:31,4
DA:32,5
DA:33,5
DA:34,5
DA:35,2
LF:35
LH:35
BRDA:15,0,0,2
BRDA:16,1,0,3
BRDA:21,2,0,5
BRDA:24,3,0,1
BRDA:27,4,0,4
BRF:5
BRH:5
end_of_record
TN:
SF:src/modules/appointments/services/ListAppointmentsService.ts
FN:8,CreateAppointmentService
FN:13,Object.<anonymous>.CreateAppointmentService.findAll
FNF:2
FNH:2
FNDA:2,CreateAppointmentService
FNDA:2,Object.<anonymous>.CreateAppointmentService.findAll
DA:1,1
DA:2,1
DA:3,1
DA:4,1
DA:5,1
DA:6,1
DA:7,1
DA:8,1
DA:9,2
DA:10,2
DA:11,2
DA:12,1
DA:13,1
DA:14,2
DA:15,2
DA:16,1
LF:16
LH:16
BRDA:7,0,0,1
BRDA:8,1,0,2
BRDA:13,2,0,2
BRF:3
BRH:3
end_of_record
TN:
SF:src/modules/users/services/AuthenticateUserService.ts
FN:21,AuthenticateUserService
FN:29,Object.<anonymous>.AuthenticateUserService.execute
FNF:2
FNH:2
FNDA:3,AuthenticateUserService
FNDA:3,Object.<anonymous>.AuthenticateUserService.execute
DA:1,1
DA:2,1
DA:3,1
DA:4,1
DA:5,1
DA:6,1
DA:7,1
DA:8,1
DA:9,1
DA:10,1
DA:11,1
DA:12,1
DA:13,1
DA:14,1
DA:15,1
DA:16,1
DA:17,1
DA:18,1
DA:19,1
DA:20,1
DA:21,1
DA:22,3
DA:23,3
DA:24,3
DA:25,3
DA:26,3
DA:27,3
DA:28,1
DA:29,1
DA:30,3
DA:31,3
DA:32,3
DA:33,1
DA:34,1
DA:35,2
DA:36,3
DA:37,1
DA:38,1
DA:39,1
DA:40,1
DA:41,1
DA:42,1
DA:43,1
DA:44,1
DA:45,1
DA:46,1
DA:47,3
DA:48,1
LF:48
LH:48
BRDA:20,0,0,1
BRDA:21,1,0,3
BRDA:29,2,0,3
BRDA:30,3,0,3
BRDA:32,4,0,1
BRDA:35,5,0,2
BRDA:36,6,0,1
BRF:7
BRH:7
end_of_record
TN:
SF:src/modules/users/services/CreateUserService.ts
FN:15,CreateUserService
FN:23,Object.<anonymous>.CreateUserService.execute
FNF:2
FNH:2
FNDA:4,CreateUserService
FNDA:4,Object.<anonymous>.CreateUserService.execute
DA:1,1
DA:2,1
DA:3,1
DA:4,1
DA:5,1
DA:6,1
DA:7,1
DA:8,1
DA:9,1
DA:10,1
DA:11,1
DA:12,1
DA:13,1
DA:14,2
DA:15,2
DA:16,4
DA:17,4
DA:18,4
DA:19,4
DA:20,4
DA:21,4
DA:22,2
DA:23,2
DA:24,4
DA:25,4
DA:26,4
DA:27,1
DA:28,1
DA:29,3
DA:30,3
DA:31,4
DA:32,4
DA:33,4
DA:34,4
DA:35,4
DA:36,4
DA:37,4
DA:38,4
DA:39,4
DA:40,2
LF:40
LH:40
BRDA:14,0,0,2
BRDA:15,1,0,4
BRDA:23,2,0,4
BRDA:24,3,0,4
BRDA:26,4,0,3
BRDA:26,5,0,1
BRF:6
BRH:6
end_of_record
TN:
SF:src/modules/users/services/UpdateUserAvatarService.ts
FN:14,UpdateUserAvatarService
FN:22,Object.<anonymous>.UpdateUserAvatarService.execute
FNF:2
FNH:2
FNDA:4,UpdateUserAvatarService
FNDA:5,Object.<anonymous>.UpdateUserAvatarService.execute
DA:1,1
DA:2,1
DA:3,1
DA:4,1
DA:5,1
DA:6,1
DA:7,1
DA:8,1
DA:9,1
DA:10,1
DA:11,1
DA:12,1
DA:13,1
DA:14,1
DA:15,4
DA:16,4
DA:17,4
DA:18,4
DA:19,4
DA:20,4
DA:21,1
DA:22,1
DA:23,5
DA:24,5
DA:25,5
DA:26,5
DA:27,2
DA:28,2
DA:29,2
DA:30,3
DA:31,3
DA:32,1
DA:33,5
DA:34,5
DA:35,5
DA:36,5
DA:37,5
DA:38,5
DA:39,5
DA:40,5
DA:41,5
DA:42,1
LF:42
LH:42
BRDA:13,0,0,1
BRDA:14,1,0,4
BRDA:22,2,0,5
BRDA:23,3,0,5
BRDA:26,4,0,2
BRDA:30,5,0,3
BRDA:31,6,0,2
BRDA:31,7,0,1
BRDA:35,8,0,3
BRF:9
BRH:9
end_of_record
